<?xml version="1.0" encoding="UTF-8"?>
<!-- Generated by org.testng.reporters.JUnitReportReporter -->
<testsuite hostname="LAPTOP-DLJOO4LM" failures="0" tests="2" name="qaclickacademy.MavenJava.AppiumTest" time="0.003" errors="0" timestamp="2022-05-31T17:10:12 IST" skipped="0">
  <testcase classname="qaclickacademy.MavenJava.AppiumTest" name="iosApp" time="0.001"/>
  <system-out/>
  <testcase classname="qaclickacademy.MavenJava.AppiumTest" name="nativeAppAndroid" time="0.002"/>
  <system-out/>
</testsuite> <!-- qaclickacademy.MavenJava.AppiumTest -->
