<?xml version="1.0" encoding="UTF-8"?>
<!-- Generated by org.testng.reporters.JUnitReportReporter -->
<testsuite hostname="LAPTOP-DLJOO4LM" failures="0" tests="2" name="qaclickacademy.MavenJava.RestAPITest" time="0.019" errors="0" timestamp="2022-05-31T17:10:58 IST" skipped="0">
  <testcase classname="qaclickacademy.MavenJava.RestAPITest" name="deleteTwitter" time="0.018"/>
  <system-out/>
  <testcase classname="qaclickacademy.MavenJava.RestAPITest" name="postJira" time="0.001"/>
  <system-out/>
</testsuite> <!-- qaclickacademy.MavenJava.RestAPITest -->
