<?xml version="1.0" encoding="UTF-8"?>
<!-- Generated by org.testng.reporters.JUnitReportReporter -->
<testsuite hostname="LAPTOP-DLJOO4LM" failures="0" tests="2" name="qaclickacademy.MavenJava.SeleniumTest" time="0.002" errors="0" timestamp="2022-05-31T17:10:58 IST" skipped="0">
  <testcase classname="qaclickacademy.MavenJava.SeleniumTest" name="browserAutomation" time="0.001"/>
  <system-out/>
  <testcase classname="qaclickacademy.MavenJava.SeleniumTest" name="elementsUI" time="0.001"/>
  <system-out/>
</testsuite> <!-- qaclickacademy.MavenJava.SeleniumTest -->
